{"action": "Vote recorded", "details": {"voter_id": "voter1", "candidate": "candidateA", "timestamp": "2024-06-17T15:48:20.242973", "hash": "109aa278a00825da9c61a9ae87be1efd775e3fac4427ffeb3e2c88e4e0b259b6"}, "timestamp": "2024-06-17T15:48:20.249597"}
{"action": "Vote recorded", "details": {"voter_id": "voter2", "candidate": "candidateB", "timestamp": "2024-06-17T15:48:20.254599", "hash": "e065d845f96d3d3acf5226fb2072b7e9f77905f60554dc4efc192c377f4206f1"}, "timestamp": "2024-06-17T15:48:20.260424"}
{"action": "Vote recorded", "details": {"voter_id": "voter3", "candidate": "candidateA", "timestamp": "2024-06-17T15:48:20.268201", "hash": "e845e49d70bf59884a07b82bf42f980f291537bf10e9a89e6526b629c400f1d2"}, "timestamp": "2024-06-17T15:48:20.274699"}
{"action": "Vote count", "details": {"candidateA": 2, "candidateB": 1}, "timestamp": "2024-06-17T15:48:20.283471"}
{"action": "Vote count", "details": {"candidateA": 2, "candidateB": 1}, "timestamp": "2024-06-17T15:48:20.290475"}
{"action": "Voting finalized", "details": {"action": "finalize_voting", "timestamp": "2024-06-17T15:48:20.294331", "count": {"candidateA": 2, "candidateB": 1}, "winner": "candidateA", "finalized": true}, "timestamp": "2024-06-17T15:48:20.300010"}
{"action": "Vote recorded", "details": {"voter_id": "voter1", "candidate": "candidateA", "timestamp": "2024-06-17T15:49:15.173313", "hash": "ce841cfaab62c1ced563e0c426de3e224808e17165607fbaf0ca6f68138e09b0"}, "timestamp": "2024-06-17T15:49:15.176465"}
{"action": "Vote recorded", "details": {"voter_id": "voter2", "candidate": "candidateB", "timestamp": "2024-06-17T15:49:15.179022", "hash": "f64060c06deca18dabc3d527e432339ee360e19aaf379801ec2820b53dc213c5"}, "timestamp": "2024-06-17T15:49:15.184766"}
{"action": "Vote recorded", "details": {"voter_id": "voter3", "candidate": "candidateA", "timestamp": "2024-06-17T15:49:15.189015", "hash": "a62c3f0545ea9e944534574d75213314b6a5151f784735e70fe58dd20032980f"}, "timestamp": "2024-06-17T15:49:15.196108"}
{"action": "Vote recorded", "details": {"voter_id": "voter1", "candidate": "candidateA", "timestamp": "2024-06-17T15:49:29.635282", "hash": "c3545555773689e70c3f57a984ebada87287eb0dac05d392fff4f21a3168a1d5"}, "timestamp": "2024-06-17T15:49:29.639219"}
{"action": "Vote recorded", "details": {"voter_id": "voter2", "candidate": "candidateB", "timestamp": "2024-06-17T15:49:29.642000", "hash": "b41e78a372cfc58f7db921901b0dab14ce5a4be44276232cfd0cecb44bc1a2aa"}, "timestamp": "2024-06-17T15:49:29.650116"}
{"action": "Vote recorded", "details": {"voter_id": "voter3", "candidate": "candidateA", "timestamp": "2024-06-17T15:49:29.656917", "hash": "270c45ee4566a448fe4d0baeb057a341a7d4767f1af89639bef8a1bfed8565e7"}, "timestamp": "2024-06-17T15:49:29.666099"}
{"action": "Vote recorded", "details": {"voter_id": "voter1", "candidate": "candidateA", "timestamp": "2024-06-17T16:11:08.707052", "hash": "b4427d4ae504b9e0f3d148c3b641fd39d319dada5be5186b9d9bd23ab6fe2f54"}, "timestamp": "2024-06-17T16:11:08.712544"}
{"action": "Vote recorded", "details": {"voter_id": "voter2", "candidate": "candidateB", "timestamp": "2024-06-17T16:11:08.715924", "hash": "1d74ee2154411d4d1e69065e3f63a20aa3f76db3891ce39a2cc6e7c2ece6f3de"}, "timestamp": "2024-06-17T16:11:08.719751"}
{"action": "Vote recorded", "details": {"voter_id": "voter3", "candidate": "candidateA", "timestamp": "2024-06-17T16:11:08.722355", "hash": "a56bd28e6e0c9c63f17e53b64d877f12fa7f2577e31d852a574454ed6f79ce13"}, "timestamp": "2024-06-17T16:11:08.726240"}
2024-06-17T17:28:40.193224 - Vote recorded for candidate: Candidate A by voter ID: 12345
{"action": "Vote recorded", "details": {"voter_id": "voter1", "candidate": "candidateA", "timestamp": "2024-06-19T08:12:30.481956", "hash": "7062fd476dd0b06a3c02a2bd23ff8ea33e587e8f271374b268d17aa515fa20e3"}, "timestamp": "2024-06-19T08:12:30.491208"}
{"action": "Vote recorded", "details": {"voter_id": "voter2", "candidate": "candidateB", "timestamp": "2024-06-19T08:12:30.494745", "hash": "03085d0fe3ce13c101c8ffa6ef3204e57adf11feba6fe1c8fc6b289bd4b139fb"}, "timestamp": "2024-06-19T08:12:30.499827"}
{"action": "Vote recorded", "details": {"voter_id": "voter3", "candidate": "candidateA", "timestamp": "2024-06-19T08:12:30.503288", "hash": "7f3dd9cb1f5c47b0185315c715ad263ffd4522990da32428850dc4bc49b85100"}, "timestamp": "2024-06-19T08:12:30.507505"}
{"action": "Vote recorded", "details": {"voter_id": "voter1", "candidate": "candidateA", "timestamp": "2024-06-19T08:14:38.553615", "hash": "4bc33668b2a6e9cf70cda0bc2ba796a9b91f9723d508a90710f2cda0f18aa65e"}, "timestamp": "2024-06-19T08:14:38.557050"}
{"action": "Vote recorded", "details": {"voter_id": "voter2", "candidate": "candidateB", "timestamp": "2024-06-19T08:14:38.561034", "hash": "d335747ca28568ec678f6ad56394c396438c80e54bc7100326692093b776ec72"}, "timestamp": "2024-06-19T08:14:38.565025"}
{"action": "Vote recorded", "details": {"voter_id": "voter3", "candidate": "candidateA", "timestamp": "2024-06-19T08:14:38.567358", "hash": "676268e039367064d404fd83aa43255887550cacdc05b442f4d22b684984f573"}, "timestamp": "2024-06-19T08:14:38.570802"}
{"action": "Vote recorded", "details": {"voter_id": "voter1", "candidate": "candidateA", "timestamp": "2024-06-19T08:14:45.921300", "hash": "4bca9e8e8ea146d77cf380cdbdbacccf44de0494fe374c7b8fa3a7ecec060c9e"}, "timestamp": "2024-06-19T08:14:45.926763"}
{"action": "Vote recorded", "details": {"voter_id": "voter2", "candidate": "candidateB", "timestamp": "2024-06-19T08:14:45.929675", "hash": "82edeffb83ca9e21dba9768c0380ba1c3fea6ab0f689b2179190abbdf5b8a07a"}, "timestamp": "2024-06-19T08:14:45.933163"}
{"action": "Vote recorded", "details": {"voter_id": "voter3", "candidate": "candidateA", "timestamp": "2024-06-19T08:14:45.935861", "hash": "7c96cc5dc137b5ec7e7a2cb0f3b140baf633671c4e113e88b9bb311b9752a80c"}, "timestamp": "2024-06-19T08:14:45.940134"}
{"action": "Vote recorded", "details": {"voter_id": "voter1", "candidate": "candidateA", "timestamp": "2024-06-19T08:18:33.740223", "hash": "2caf16882ea88489c00bb956eb5b01650b786f5968455deabaac1146cdcf6d92"}, "timestamp": "2024-06-19T08:18:33.745261"}
{"action": "Vote recorded", "details": {"voter_id": "voter2", "candidate": "candidateB", "timestamp": "2024-06-19T08:18:33.747985", "hash": "a2f8aa644baebb90e396ea1fba50447891212a2774c9c5cedf8635799089ddac"}, "timestamp": "2024-06-19T08:18:33.751588"}
{"action": "Vote recorded", "details": {"voter_id": "voter3", "candidate": "candidateA", "timestamp": "2024-06-19T08:18:33.757326", "hash": "7f93b8857dae5d2cecd8612de5efefee0fd35e28dcc7d99e9a1a9700e4c5933d"}, "timestamp": "2024-06-19T08:18:33.766435"}
{"action": "Vote recorded", "details": {"voter_id": "voter1", "candidate": "candidateA", "timestamp": "2024-06-19T08:31:43.926780", "hash": "7ec007c89f9e2d2cc0b27c22012e92e20b7240c1e69e8dc7e4856c26df7fb77e"}, "timestamp": "2024-06-19T08:31:43.933007"}
{"action": "Vote recorded", "details": {"voter_id": "voter2", "candidate": "candidateB", "timestamp": "2024-06-19T08:31:43.936069", "hash": "86173868ec238f0695bc18898307506a5466c3d210e7b2438ee910135ee7f317"}, "timestamp": "2024-06-19T08:31:43.940539"}
{"action": "Vote recorded", "details": {"voter_id": "voter3", "candidate": "candidateA", "timestamp": "2024-06-19T08:31:43.943422", "hash": "6d7785c4cea8237a3fcbcc497c2159f09bd8d416b6c9b81c88cc69b508f70054"}, "timestamp": "2024-06-19T08:31:43.947695"}
2024-06-19T09:38:16.586928 - Vote recorded for candidate: Candidate A by voter ID: 12345
